<?xml version="1.0" encoding="UTF-8"?>
<testsuite xmlns:xsi="http://www.w3.org/2001/XMLSchema-instance" xsi:noNamespaceSchemaLocation="https://maven.apache.org/surefire/maven-surefire-plugin/xsd/surefire-test-report-3.0.xsd" version="3.0" name="TestSuite" time="24.426" tests="2" errors="0" skipped="0" failures="0">
  <properties>
[...]
</properties>
  <testcase name="login[Admin, admin123](1)" classname="com.Mycard.TestClass.LoginTestClassDataDriver" time="4.296">
    <system-out><![CDATA[ Browse lauch successfully
 user name entered Successfully
 password entered Successfully
 user Login entered Successfully
]]></system-out>
    <system-err><![CDATA[SLF4J(W): No SLF4J providers were found.
SLF4J(W): Defaulting to no-operation (NOP) logger implementation
SLF4J(W): See https://www.slf4j.org/codes.html#noProviders for further details.
ERROR StatusLogger Unable to load implementation for java.util.ServiceLoader[org.apache.logging.log4j.spi.Provider]
 java.util.ServiceConfigurationError: org.apache.logging.log4j.spi.Provider: Provider org.apache.logging.log4j.core.impl.Log4jProvider could not be instantiated
	at java.base/java.util.ServiceLoader.fail(ServiceLoader.java:586)
	at java.base/java.util.ServiceLoader$ProviderImpl.newInstance(ServiceLoader.java:813)
	at java.base/java.util.ServiceLoader$ProviderImpl.get(ServiceLoader.java:729)
	at java.base/java.util.ServiceLoader$3.next(ServiceLoader.java:1403)
	at org.apache.logging.log4j.util.ServiceLoaderUtil$ServiceLoaderSpliterator.tryAdvance(ServiceLoaderUtil.java:73)
	at java.base/java.util.Spliterator.forEachRemaining(Spliterator.java:332)
	at java.base/java.util.stream.AbstractPipeline.copyInto(AbstractPipeline.java:509)
	at java.base/java.util.stream.AbstractPipeline.wrapAndCopyInto(AbstractPipeline.java:499)
	at java.base/java.util.stream.ReduceOps$ReduceOp.evaluateSequential(ReduceOps.java:921)
	at java.base/java.util.stream.AbstractPipeline.evaluate(AbstractPipeline.java:234)
	at java.base/java.util.stream.ReferencePipeline.collect(ReferencePipeline.java:682)
	at org.apache.logging.log4j.spi.LoggingSystem.loadDefaultProviders(LoggingSystem.java:201)
	at org.apache.logging.log4j.spi.LoggingSystem.findProvider(LoggingSystem.java:118)
	at org.apache.logging.log4j.util.LazyUtil$ReleaseAcquireLazy.get(LazyUtil.java:163)
	at org.apache.logging.log4j.spi.LoggingSystem.getProvider(LoggingSystem.java:113)
	at org.apache.logging.log4j.spi.LoggingSystem.lambda$new$0(LoggingSystem.java:82)
	at org.apache.logging.log4j.util.Lazy.lambda$map$0(Lazy.java:39)
	at org.apache.logging.log4j.util.LazyUtil$SafeLazy.get(LazyUtil.java:109)
	at org.apache.logging.log4j.spi.LoggingSystem.getLoggerContextFactory(LoggingSystem.java:169)
	at org.apache.logging.log4j.LogManager.getFactory(LogManager.java:390)
	at org.apache.logging.log4j.LogManager.getContext(LogManager.java:127)
	at org.apache.logging.log4j.LogManager.getLogger(LogManager.java:554)
	at org.apache.poi.logging.PoiLogManager.getLogger(PoiLogManager.java:42)
	at org.apache.poi.ooxml.POIXMLDocumentPart.<clinit>(POIXMLDocumentPart.java:56)
	at com.Mycard.Utilities.ReadExcelFile.getRowCount(ReadExcelFile.java:53)
	at com.Mycard.TestClass.LoginTestClassDataDriver.LoginDataProvider(LoginTestClassDataDriver.java:59)
	at java.base/jdk.internal.reflect.NativeMethodAccessorImpl.invoke0(Native Method)
	at java.base/jdk.internal.reflect.NativeMethodAccessorImpl.invoke(NativeMethodAccessorImpl.java:77)
	at java.base/jdk.internal.reflect.DelegatingMethodAccessorImpl.invoke(DelegatingMethodAccessorImpl.java:43)
	at java.base/java.lang.reflect.Method.invoke(Method.java:568)
	at org.testng.internal.invokers.MethodInvocationHelper.invokeMethod(MethodInvocationHelper.java:141)
	at org.testng.internal.invokers.MethodInvocationHelper.invokeMethod(MethodInvocationHelper.java:86)
	at org.testng.internal.invokers.MethodInvocationHelper.invokeMethodNoCheckedException(MethodInvocationHelper.java:54)
	at org.testng.internal.invokers.MethodInvocationHelper.invokeDataProvider(MethodInvocationHelper.java:159)
	at org.testng.internal.Parameters.handleParameters(Parameters.java:809)
	at org.testng.internal.Parameters.handleParameters(Parameters.java:734)
	at org.testng.internal.invokers.ParameterHandler.handleParameters(ParameterHandler.java:72)
	at org.testng.internal.invokers.ParameterHandler.createParameters(ParameterHandler.java:51)
	at org.testng.internal.invokers.TestInvoker$MethodInvocationAgent.invoke(TestInvoker.java:946)
	at org.testng.internal.invokers.TestInvoker.invokeTestMethods(TestInvoker.java:203)
	at org.testng.internal.invokers.TestMethodWorker.invokeTestMethods(TestMethodWorker.java:154)
	at org.testng.internal.invokers.TestMethodWorker.run(TestMethodWorker.java:134)
	at java.base/java.util.ArrayList.forEach(ArrayList.java:1511)
	at org.testng.TestRunner.privateRun(TestRunner.java:739)
	at org.testng.TestRunner.run(TestRunner.java:614)
	at org.testng.SuiteRunner.runTest(SuiteRunner.java:421)
	at org.testng.SuiteRunner.runSequentially(SuiteRunner.java:413)
	at org.testng.SuiteRunner.privateRun(SuiteRunner.java:373)
	at org.testng.SuiteRunner.run(SuiteRunner.java:312)
	at org.testng.SuiteRunnerWorker.runSuite(SuiteRunnerWorker.java:52)
	at org.testng.SuiteRunnerWorker.run(SuiteRunnerWorker.java:95)
	at org.testng.TestNG.runSuitesSequentially(TestNG.java:1274)
	at org.testng.TestNG.runSuitesLocally(TestNG.java:1208)
	at org.testng.TestNG.runSuites(TestNG.java:1112)
	at org.testng.TestNG.run(TestNG.java:1079)
	at org.apache.maven.surefire.testng.TestNGExecutor.run(TestNGExecutor.java:324)
	at org.apache.maven.surefire.testng.TestNGXmlTestSuite.execute(TestNGXmlTestSuite.java:74)
	at org.apache.maven.surefire.testng.TestNGProvider.invoke(TestNGProvider.java:123)
	at org.apache.maven.surefire.booter.ForkedBooter.runSuitesInProcess(ForkedBooter.java:456)
	at org.apache.maven.surefire.booter.ForkedBooter.execute(ForkedBooter.java:169)
	at org.apache.maven.surefire.booter.ForkedBooter.run(ForkedBooter.java:595)
	at org.apache.maven.surefire.booter.ForkedBooter.main(ForkedBooter.java:581)
Caused by: java.lang.NoSuchMethodError: 'java.util.stream.Stream org.apache.logging.log4j.util.ServiceLoaderUtil.safeStream(java.lang.Class, java.util.ServiceLoader, org.apache.logging.log4j.Logger)'
	at org.apache.logging.log4j.plugins.di.DI$FactoryBuilder.lambda$new$1(DI.java:79)
	at org.apache.logging.log4j.plugins.di.DI$FactoryBuilder.build(DI.java:179)
	at org.apache.logging.log4j.plugins.di.DI.createInitializedFactory(DI.java:50)
	at org.apache.logging.log4j.core.impl.Log4jProvider.<init>(Log4jProvider.java:90)
	at java.base/jdk.internal.reflect.NativeConstructorAccessorImpl.newInstance0(Native Method)
	at java.base/jdk.internal.reflect.NativeConstructorAccessorImpl.newInstance(NativeConstructorAccessorImpl.java:77)
	at java.base/jdk.internal.reflect.DelegatingConstructorAccessorImpl.newInstance(DelegatingConstructorAccessorImpl.java:45)
	at java.base/java.lang.reflect.Constructor.newInstanceWithCaller(Constructor.java:499)
	at java.base/java.lang.reflect.Constructor.newInstance(Constructor.java:480)
	at java.base/java.util.ServiceLoader$ProviderImpl.newInstance(ServiceLoader.java:789)
	... 60 more
ERROR StatusLogger Log4j could not find a logging implementation. Please add log4j-core dependencies to classpath or module path. Using SimpleLogger to log to the console.
]]></system-err>
  </testcase>
  <testcase name="clickonRecruitment" classname="com.Mycard.TestClass.LoginTestClassDataDriver" time="3.167">
    <system-out><![CDATA[ Browse lauch successfully
 Recruitment Page open Successfully
Recruitment Text Display..
]]></system-out>
  </testcase>
</testsuite>